Determining if the pthread_create exist failed with the following output:
Change Dir: /home/dell/Documents/Final Year/Arrows/Build/CMakeFiles/CMakeTmp

Run Build Command:/usr/bin/make "cmTryCompileExec181091195/fast"
make[1]: Entering directory `/home/dell/Documents/Final Year/Arrows/Build/CMakeFiles/CMakeTmp'
/usr/bin/make -f CMakeFiles/cmTryCompileExec181091195.dir/build.make CMakeFiles/cmTryCompileExec181091195.dir/build
make[2]: Entering directory `/home/dell/Documents/Final Year/Arrows/Build/CMakeFiles/CMakeTmp'
/usr/bin/cmake -E cmake_progress_report "/home/dell/Documents/Final Year/Arrows/Build/CMakeFiles/CMakeTmp/CMakeFiles" 1
Building C object CMakeFiles/cmTryCompileExec181091195.dir/CheckSymbolExists.c.o
/usr/bin/cc    -o CMakeFiles/cmTryCompileExec181091195.dir/CheckSymbolExists.c.o   -c "/home/dell/Documents/Final Year/Arrows/Build/CMakeFiles/CMakeTmp/CheckSymbolExists.c"
Linking C executable cmTryCompileExec181091195
/usr/bin/cmake -E cmake_link_script CMakeFiles/cmTryCompileExec181091195.dir/link.txt --verbose=1
/usr/bin/cc       CMakeFiles/cmTryCompileExec181091195.dir/CheckSymbolExists.c.o  -o cmTryCompileExec181091195 -rdynamic 
CMakeFiles/cmTryCompileExec181091195.dir/CheckSymbolExists.c.o: In function `main':
CheckSymbolExists.c:(.text+0x16): undefined reference to `pthread_create'
collect2: error: ld returned 1 exit status
make[2]: *** [cmTryCompileExec181091195] Error 1
make[2]: Leaving directory `/home/dell/Documents/Final Year/Arrows/Build/CMakeFiles/CMakeTmp'
make[1]: *** [cmTryCompileExec181091195/fast] Error 2
make[1]: Leaving directory `/home/dell/Documents/Final Year/Arrows/Build/CMakeFiles/CMakeTmp'

File /home/dell/Documents/Final Year/Arrows/Build/CMakeFiles/CMakeTmp/CheckSymbolExists.c:
/* */
#include <pthread.h>

int main(int argc, char** argv)
{
  (void)argv;
#ifndef pthread_create
  return ((int*)(&pthread_create))[argc];
#else
  (void)argc;
  return 0;
#endif
}

Determining if the function pthread_create exists in the pthreads failed with the following output:
Change Dir: /home/dell/Documents/Final Year/Arrows/Build/CMakeFiles/CMakeTmp

Run Build Command:/usr/bin/make "cmTryCompileExec3627987593/fast"
make[1]: Entering directory `/home/dell/Documents/Final Year/Arrows/Build/CMakeFiles/CMakeTmp'
/usr/bin/make -f CMakeFiles/cmTryCompileExec3627987593.dir/build.make CMakeFiles/cmTryCompileExec3627987593.dir/build
make[2]: Entering directory `/home/dell/Documents/Final Year/Arrows/Build/CMakeFiles/CMakeTmp'
/usr/bin/cmake -E cmake_progress_report "/home/dell/Documents/Final Year/Arrows/Build/CMakeFiles/CMakeTmp/CMakeFiles" 1
Building C object CMakeFiles/cmTryCompileExec3627987593.dir/CheckFunctionExists.c.o
/usr/bin/cc   -DCHECK_FUNCTION_EXISTS=pthread_create   -o CMakeFiles/cmTryCompileExec3627987593.dir/CheckFunctionExists.c.o   -c /usr/share/cmake-2.8/Modules/CheckFunctionExists.c
Linking C executable cmTryCompileExec3627987593
/usr/bin/cmake -E cmake_link_script CMakeFiles/cmTryCompileExec3627987593.dir/link.txt --verbose=1
/usr/bin/cc   -DCHECK_FUNCTION_EXISTS=pthread_create    CMakeFiles/cmTryCompileExec3627987593.dir/CheckFunctionExists.c.o  -o cmTryCompileExec3627987593 -rdynamic -lpthreads 
/usr/bin/ld: cannot find -lpthreads
collect2: error: ld returned 1 exit status
make[2]: *** [cmTryCompileExec3627987593] Error 1
make[2]: Leaving directory `/home/dell/Documents/Final Year/Arrows/Build/CMakeFiles/CMakeTmp'
make[1]: *** [cmTryCompileExec3627987593/fast] Error 2
make[1]: Leaving directory `/home/dell/Documents/Final Year/Arrows/Build/CMakeFiles/CMakeTmp'


